---
Top five guesses for the villan 00
Will There Be War On Krypton 00
Cool facts about the Superman costune 00
Will Black Zero make an appearance_ 00
ill There Be War On Krypton 00
Cavill says 'Man of Steel' is 'epicaly cool' 00
Superman might be flightless 00
Hints at linking to Justice League 00
Clark's cover gets blown? 00
Kevin Spacey has a cameo? 00
     test2 00
    Test11 00
Headlin Test -0
Headlin Test -0
 GTX 980ti -0
----



---
Top five guesses for the villan 00
Will There Be War On Krypton 00
Cool facts about the Superman costune 00
Will Black Zero make an appearance_ 00
ill There Be War On Krypton 00
Cavill says 'Man of Steel' is 'epicaly cool' 00
Superman might be flightless 00
Hints at linking to Justice League 00
Clark's cover gets blown? 00
Kevin Spacey has a cameo? 00
     test2 00
    Test11 00
Headlin Test -0
Headlin Test -0
 GTX 980ti -0
----



---
Top five guesses for the villan 00
Will There Be War On Krypton 00
Cool facts about the Superman costune 00
Will Black Zero make an appearance_ 00
ill There Be War On Krypton 00
Cavill says 'Man of Steel' is 'epicaly cool' 00
Superman might be flightless 00
Hints at linking to Justice League 00
Clark's cover gets blown? 00
Kevin Spacey has a cameo? 00
     test2 00
    Test11 00
Headlin Test -0
Headlin Test -0
 GTX 980ti -0
----



---
Top five guesses for the villan 00
Will There Be War On Krypton 00
Cool facts about the Superman costune 00
Will Black Zero make an appearance_ 00
ill There Be War On Krypton 00
Cavill says 'Man of Steel' is 'epicaly cool' 00
Superman might be flightless 00
Hints at linking to Justice League 00
Clark's cover gets blown? 00
Kevin Spacey has a cameo? 00
     test2 00
    Test11 00
Headlin Test -0
Headlin Test -0
 GTX 980ti -0
----



---
Top five guesses for the villan 00
Will There Be War On Krypton 00
Cool facts about the Superman costune 00
Will Black Zero make an appearance_ 00
ill There Be War On Krypton 00
Cavill says 'Man of Steel' is 'epicaly cool' 00
Superman might be flightless 00
Hints at linking to Justice League 00
Clark's cover gets blown? 00
Kevin Spacey has a cameo? 00
     test2 00
    Test11 00
Headlin Test -0
Headlin Test -0
 GTX 980ti -0
----



---
Top five guesses for the villan 00
Will There Be War On Krypton 00
Cool facts about the Superman costune 00
Will Black Zero make an appearance_ 00
ill There Be War On Krypton 00
Cavill says 'Man of Steel' is 'epicaly cool' 00
Superman might be flightless 00
Hints at linking to Justice League 00
Clark's cover gets blown? 00
Kevin Spacey has a cameo? 00
     test2 00
    Test11 00
Headlin Test -0
Headlin Test -0
 GTX 980ti -0
----



---
Top five guesses for the villan 00
Will There Be War On Krypton 00
Cool facts about the Superman costune 00
Will Black Zero make an appearance_ 00
ill There Be War On Krypton 00
Cavill says 'Man of Steel' is 'epicaly cool' 00
Superman might be flightless 00
Hints at linking to Justice League 00
Clark's cover gets blown? 00
Kevin Spacey has a cameo? 00
     test2 00
    Test11 00
Headlin Test -0
Headlin Test -0
 GTX 980ti -0
----



---
Top five guesses for the villan 00
Will There Be War On Krypton 00
Cool facts about the Superman costune 00
Will Black Zero make an appearance_ 00
ill There Be War On Krypton 00
Cavill says 'Man of Steel' is 'epicaly cool' 00
Superman might be flightless 00
Hints at linking to Justice League 00
Clark's cover gets blown? 00
Kevin Spacey has a cameo? 00
     test2 00
    Test11 00
Headlin Test -0
Headlin Test -0
 GTX 980ti -0
----



---
Top five guesses for the villan 00
Will There Be War On Krypton 00
Cool facts about the Superman costune 00
Will Black Zero make an appearance_ 00
ill There Be War On Krypton 00
Cavill says 'Man of Steel' is 'epicaly cool' 00
Superman might be flightless 00
Hints at linking to Justice League 00
Clark's cover gets blown? 00
Kevin Spacey has a cameo? 00
     test2 00
 GTX 980ti 00
    Test11 00
Headlin Test -0
Headlin Test -0
----



---
Top five guesses for the villan 00
Will There Be War On Krypton 00
Cool facts about the Superman costune 00
Will Black Zero make an appearance_ 00
ill There Be War On Krypton 00
Cavill says 'Man of Steel' is 'epicaly cool' 00
Superman might be flightless 00
Hints at linking to Justice League 00
Clark's cover gets blown? 00
Kevin Spacey has a cameo? 00
     test2 00
 GTX 980ti 00
    Test11 00
Headlin Test -0
Headlin Test -0
----



---
Top five guesses for the villan 00
Will There Be War On Krypton 00
Cool facts about the Superman costune 00
Will Black Zero make an appearance_ 00
ill There Be War On Krypton 00
Cavill says 'Man of Steel' is 'epicaly cool' 00
Superman might be flightless 00
Hints at linking to Justice League 00
Clark's cover gets blown? 00
Kevin Spacey has a cameo? 00
 GTX 980ti 00
     test2 00
    Test11 00
Headlin Test -0
Headlin Test -0
----



---
Top five guesses for the villan 00
Will There Be War On Krypton 00
Cool facts about the Superman costune 00
Will Black Zero make an appearance_ 00
ill There Be War On Krypton 00
Cavill says 'Man of Steel' is 'epicaly cool' 00
Superman might be flightless 00
Hints at linking to Justice League 00
Clark's cover gets blown? 00
Kevin Spacey has a cameo? 00
 GTX 980ti 00
     test2 00
    Test11 00
Headlin Test -0
Headlin Test -0
----



---
Top five guesses for the villan 00
Will There Be War On Krypton 00
Cool facts about the Superman costune 00
Will Black Zero make an appearance_ 00
ill There Be War On Krypton 00
Cavill says 'Man of Steel' is 'epicaly cool' 00
Superman might be flightless 00
Hints at linking to Justice League 00
Clark's cover gets blown? 00
Kevin Spacey has a cameo? 00
 GTX 980ti 00
     test2 00
    Test11 00
Headlin Test -0
Headlin Test -0
----



---
Top five guesses for the villan 00
Will There Be War On Krypton 00
Cool facts about the Superman costune 00
Will Black Zero make an appearance_ 00
ill There Be War On Krypton 00
Cavill says 'Man of Steel' is 'epicaly cool' 00
Superman might be flightless 00
Hints at linking to Justice League 00
Clark's cover gets blown? 00
Kevin Spacey has a cameo? 00
 GTX 980ti 00
     test2 00
    Test11 00
Headlin Test -0
Headlin Test -0
----



---
Top five guesses for the villan 00
Will There Be War On Krypton 00
Cool facts about the Superman costune 00
Will Black Zero make an appearance_ 00
ill There Be War On Krypton 00
Cavill says 'Man of Steel' is 'epicaly cool' 00
Superman might be flightless 00
Hints at linking to Justice League 00
Clark's cover gets blown? 00
Kevin Spacey has a cameo? 00
 GTX 980ti 00
     test2 00
    Test11 00
Headlin Test -0
Headlin Test -0
----



---
Top five guesses for the villan 00
Will There Be War On Krypton 00
Cool facts about the Superman costune 00
Will Black Zero make an appearance_ 00
ill There Be War On Krypton 00
Cavill says 'Man of Steel' is 'epicaly cool' 00
Superman might be flightless 00
Hints at linking to Justice League 00
Clark's cover gets blown? 00
Kevin Spacey has a cameo? 00
 GTX 980ti 00
     test2 00
    Test11 00
Headlin Test -0
Headlin Test -0
----



---
Top five guesses for the villan 00
Will There Be War On Krypton 00
Cool facts about the Superman costune 00
Will Black Zero make an appearance_ 00
ill There Be War On Krypton 00
Cavill says 'Man of Steel' is 'epicaly cool' 00
Superman might be flightless 00
Hints at linking to Justice League 00
Clark's cover gets blown? 00
Kevin Spacey has a cameo? 00
 GTX 980ti 00
     test2 00
    Test11 00
Headlin Test -0
Headlin Test -0
----



---
Top five guesses for the villan 00
Will There Be War On Krypton 00
Cool facts about the Superman costune 00
Will Black Zero make an appearance_ 00
ill There Be War On Krypton 00
Cavill says 'Man of Steel' is 'epicaly cool' 00
Superman might be flightless 00
Hints at linking to Justice League 00
Clark's cover gets blown? 00
Kevin Spacey has a cameo? 00
 GTX 980ti 00
     test2 00
    Test11 00
Headlin Test -0
Headlin Test -0
----



---
Top five guesses for the villan 00
Will There Be War On Krypton 00
Cool facts about the Superman costune 00
Will Black Zero make an appearance_ 00
ill There Be War On Krypton 00
Cavill says 'Man of Steel' is 'epicaly cool' 00
Superman might be flightless 00
Hints at linking to Justice League 00
Clark's cover gets blown? 00
Kevin Spacey has a cameo? 00
 GTX 980ti 00
     test2 00
    Test11 00
Headlin Test -0
Headlin Test -0
----



---
Top five guesses for the villan 00
Will There Be War On Krypton 00
Cool facts about the Superman costune 00
Will Black Zero make an appearance_ 00
ill There Be War On Krypton 00
Cavill says 'Man of Steel' is 'epicaly cool' 00
Superman might be flightless 00
Hints at linking to Justice League 00
Clark's cover gets blown? 00
Kevin Spacey has a cameo? 00
 GTX 980ti 00
     test2 00
    Test11 00
Headlin Test -0
Headlin Test -0
----



---
Top five guesses for the villan 00
Will There Be War On Krypton 00
Cool facts about the Superman costune 00
Will Black Zero make an appearance_ 00
ill There Be War On Krypton 00
Cavill says 'Man of Steel' is 'epicaly cool' 00
Superman might be flightless 00
Hints at linking to Justice League 00
Clark's cover gets blown? 00
Kevin Spacey has a cameo? 00
 GTX 980ti 00
     test2 00
    Test11 00
Headlin Test -0
Headlin Test -0
----



---
Top five guesses for the villan 00
Will There Be War On Krypton 00
Cool facts about the Superman costune 00
Will Black Zero make an appearance_ 00
ill There Be War On Krypton 00
Cavill says 'Man of Steel' is 'epicaly cool' 00
Superman might be flightless 00
Hints at linking to Justice League 00
Clark's cover gets blown? 00
Kevin Spacey has a cameo? 00
 GTX 980ti 00
     test2 00
    Test11 00
Headlin Test -0
Headlin Test -0
----



---
Top five guesses for the villan 00
Will There Be War On Krypton 00
Cool facts about the Superman costune 00
Will Black Zero make an appearance_ 00
ill There Be War On Krypton 00
Cavill says 'Man of Steel' is 'epicaly cool' 00
Superman might be flightless 00
Hints at linking to Justice League 00
Clark's cover gets blown? 00
Kevin Spacey has a cameo? 00
 GTX 980ti 00
     test2 00
    Test11 00
Headlin Test -0
Headlin Test -0
----



---
Top five guesses for the villan 00
Will There Be War On Krypton 00
Cool facts about the Superman costune 00
Will Black Zero make an appearance_ 00
ill There Be War On Krypton 00
Cavill says 'Man of Steel' is 'epicaly cool' 00
Superman might be flightless 00
Hints at linking to Justice League 00
Clark's cover gets blown? 00
Kevin Spacey has a cameo? 00
 GTX 980ti 00
     test2 00
    Test11 00
Headlin Test -0
Headlin Test -0
----



---
Top five guesses for the villan 00
Will There Be War On Krypton 00
Cool facts about the Superman costune 00
Will Black Zero make an appearance_ 00
ill There Be War On Krypton 00
Cavill says 'Man of Steel' is 'epicaly cool' 00
Superman might be flightless 00
Hints at linking to Justice League 00
Clark's cover gets blown? 00
Kevin Spacey has a cameo? 00
 GTX 980ti 00
     test2 00
    Test11 00
Headlin Test -0
Headlin Test -0
----



---
Top five guesses for the villan 00
Will There Be War On Krypton 00
Cool facts about the Superman costune 00
Will Black Zero make an appearance_ 00
ill There Be War On Krypton 00
Cavill says 'Man of Steel' is 'epicaly cool' 00
Superman might be flightless 00
Hints at linking to Justice League 00
Clark's cover gets blown? 00
Kevin Spacey has a cameo? 00
 GTX 980ti 00
     test2 00
    Test11 00
Headlin Test -0
Headlin Test -0
----



---
Top five guesses for the villan 00
Will There Be War On Krypton 00
Cool facts about the Superman costune 00
Will Black Zero make an appearance_ 00
ill There Be War On Krypton 00
Cavill says 'Man of Steel' is 'epicaly cool' 00
Superman might be flightless 00
Hints at linking to Justice League 00
Clark's cover gets blown? 00
Kevin Spacey has a cameo? 00
 GTX 980ti 00
     test2 00
    Test11 00
Headlin Test -0
Headlin Test -0
----



---
Top five guesses for the villan 00
Will There Be War On Krypton 00
Cool facts about the Superman costune 00
Will Black Zero make an appearance_ 00
ill There Be War On Krypton 00
Cavill says 'Man of Steel' is 'epicaly cool' 00
Superman might be flightless 00
Hints at linking to Justice League 00
Clark's cover gets blown? 00
Kevin Spacey has a cameo? 00
 GTX 980ti 00
     test2 00
    Test11 00
Headlin Test -0
Headlin Test -0
----



---
Top five guesses for the villan 00
Will There Be War On Krypton 00
Cool facts about the Superman costune 00
Will Black Zero make an appearance_ 00
ill There Be War On Krypton 00
Cavill says 'Man of Steel' is 'epicaly cool' 00
Superman might be flightless 00
Hints at linking to Justice League 00
Clark's cover gets blown? 00
Kevin Spacey has a cameo? 00
 GTX 980ti 00
     test2 00
    Test11 00
Headlin Test -0
Headlin Test -0
----



---
Top five guesses for the villan 00
Will There Be War On Krypton 00
Cool facts about the Superman costune 00
Will Black Zero make an appearance_ 00
ill There Be War On Krypton 00
Cavill says 'Man of Steel' is 'epicaly cool' 00
Superman might be flightless 00
Hints at linking to Justice League 00
Clark's cover gets blown? 00
Kevin Spacey has a cameo? 00
 GTX 980ti 00
     test2 00
    Test11 00
Headlin Test -0
Headlin Test -0
----



---
Top five guesses for the villan 00
Will There Be War On Krypton 00
Cool facts about the Superman costune 00
Will Black Zero make an appearance_ 00
ill There Be War On Krypton 00
Cavill says 'Man of Steel' is 'epicaly cool' 00
Superman might be flightless 00
Hints at linking to Justice League 00
Clark's cover gets blown? 00
Kevin Spacey has a cameo? 00
 GTX 980ti 00
     test2 00
    Test11 00
Headlin Test -0
Headlin Test -0
----



---
Top five guesses for the villan 00
Will There Be War On Krypton 00
Cool facts about the Superman costune 00
Will Black Zero make an appearance_ 00
ill There Be War On Krypton 00
Cavill says 'Man of Steel' is 'epicaly cool' 00
Superman might be flightless 00
Hints at linking to Justice League 00
Clark's cover gets blown? 00
Kevin Spacey has a cameo? 00
 GTX 980ti 00
     test2 00
    Test11 00
Headlin Test -0
Headlin Test -0
----



Traceback (most recent call last):
  File "rerank.py", line 25, in <module>
    time.sleep(5)
KeyboardInterrupt
